<?xml version="1.0" encoding="UTF-8"?>
<testng-results ignored="0" total="1" passed="1" failed="0" skipped="0">
  <reporter-output>
  </reporter-output>
  <suite started-at="2025-11-01T18:49:57 IST" name="Suite" finished-at="2025-11-01T18:50:16 IST" duration-ms="18789">
    <groups>
    </groups>
    <test started-at="2025-11-01T18:49:57 IST" name="Test" finished-at="2025-11-01T18:50:16 IST" duration-ms="18789">
      <class name="com.NykaaApp.tests.Search_Test">
        <test-method is-config="true" signature="setup(org.testng.ITestContext)[pri:0, instance:com.NykaaApp.tests.Search_Test@77c2494c]" started-at="2025-11-01T18:49:57 IST" name="setup" finished-at="2025-11-01T18:50:04 IST" duration-ms="6936" status="PASS">
          <params>
            <param index="0">
              <value>
                <![CDATA[org.testng.TestRunner@3b7b05a8]]>
              </value>
            </param>
          </params>
          <reporter-output>
          </reporter-output>
        </test-method> <!-- setup -->
        <test-method signature="searchProduct()[pri:0, instance:com.NykaaApp.tests.Search_Test@77c2494c]" started-at="2025-11-01T18:50:04 IST" name="searchProduct" finished-at="2025-11-01T18:50:15 IST" duration-ms="10887" status="PASS">
          <reporter-output>
          </reporter-output>
        </test-method> <!-- searchProduct -->
        <test-method is-config="true" signature="tearDown()[pri:0, instance:com.NykaaApp.tests.Search_Test@77c2494c]" started-at="2025-11-01T18:50:15 IST" name="tearDown" finished-at="2025-11-01T18:50:16 IST" duration-ms="896" status="PASS">
          <reporter-output>
          </reporter-output>
        </test-method> <!-- tearDown -->
      </class> <!-- com.NykaaApp.tests.Search_Test -->
    </test> <!-- Test -->
  </suite> <!-- Suite -->
</testng-results>
