<?xml version="1.0" encoding="UTF-8"?>
<!-- Generated by org.testng.reporters.JUnitXMLReporter -->
<testsuite ignored="0" hostname="ASCINLAP61474" failures="0" tests="1" name="Surefire test" time="1.126" errors="0" timestamp="2025-11-01T17:32:09 IST">
  <testcase classname="com.NykaaApp.tests.Search_Test" name="@BeforeClass setup" time="1.048">
    <failure type="java.lang.AssertionError" message="❌ Driver setup failed: Could not start a new session. Possible causes are invalid address of the remote server or browser start-up failure. 
Host info: host: &amp;apos;ASCINLAP61474&amp;apos;, ip: &amp;apos;192.168.0.6&amp;apos;">
      <![CDATA[java.lang.AssertionError: ❌ Driver setup failed: Could not start a new session. Possible causes are invalid address of the remote server or browser start-up failure. 
Host info: host: 'ASCINLAP61474', ip: '192.168.0.6'
at com.NykaaApp.tests.Search_Test.setup(Search_Test.java:56)
at java.base/java.util.ArrayList.forEach(ArrayList.java:1511)
... Removed 31 stack frames]]>
    </failure>
  </testcase> <!-- @BeforeClass setup -->
  <testcase classname="com.NykaaApp.tests.Search_Test" name="@AfterClass tearDown" time="0.0">
    <skipped/>
  </testcase> <!-- @AfterClass tearDown -->
  <testcase classname="com.NykaaApp.tests.Search_Test" name="searchProduct" time="0.0">
    <skipped/>
  </testcase> <!-- searchProduct -->
</testsuite> <!-- Surefire test -->
