<?xml version="1.0" encoding="UTF-8"?>
<!-- Generated by org.testng.reporters.JUnitXMLReporter -->
<testsuite ignored="0" hostname="ASCINLAP61474" failures="1" tests="1" name="NykaaShopping" time="22.056" errors="0" timestamp="2025-10-25T22:16:39 IST">
  <testcase classname="com.nykaa.tests.NykaaShoppingTest" name="nykaaShoppingFlow" time="12.206">
    <failure type="java.lang.AssertionError" message="Login via cookies failed. Update cookies.json or re-export session. expected [true] but found [false]">
      <![CDATA[java.lang.AssertionError: Login via cookies failed. Update cookies.json or re-export session. expected [true] but found [false]
at com.nykaa.tests.NykaaShoppingTest.nykaaShoppingFlow(NykaaShoppingTest.java:43)
at java.base/java.util.ArrayList.forEach(ArrayList.java:1596)
... Removed 28 stack frames]]>
    </failure>
  </testcase> <!-- nykaaShoppingFlow -->
</testsuite> <!-- NykaaShopping -->
